# JRE version: Java(TM) SE Runtime Environment (8.0_341-b10) (build 1.8.0_341-b10)
# Java VM: Java HotSpot(TM) 64-Bit Server VM (25.341-b10 mixed mode windows-amd64 compressed oops)
Heap:
 PSYoungGen      total 268800K, used 5317K [0x00000000eab00000, 0x00000000fbc00000, 0x0000000100000000)
  eden space 258048K, 2% used [0x00000000eab00000,0x00000000eb031478,0x00000000fa700000)
  from space 10752K, 0% used [0x00000000fa700000,0x00000000fa700000,0x00000000fb180000)
  to   space 10752K, 0% used [0x00000000fb180000,0x00000000fb180000,0x00000000fbc00000)
 ParOldGen       total 172032K, used 72363K [0x00000000c0000000, 0x00000000ca800000, 0x00000000eab00000)
  object space 172032K, 42% used [0x00000000c0000000,0x00000000c46aac18,0x00000000ca800000)
 Metaspace       used 13502K, capacity 14110K, committed 14336K, reserved 1060864K
  class space    used 2051K, capacity 2214K, committed 2304K, reserved 1048576K
GC Heap History (10 events):
Event: 2.652 GC heap before
{Heap before GC invocations=18 (full 7):
 PSYoungGen      total 268800K, used 10752K [0x00000000eab00000, 0x00000000fbc00000, 0x0000000100000000)
  eden space 258048K, 0% used [0x00000000eab00000,0x00000000eab00000,0x00000000fa700000)
  from space 10752K, 100% used [0x00000000fa700000,0x00000000fb180000,0x00000000fb180000)
  to   space 10752K, 0% used [0x00000000fb180000,0x00000000fb180000,0x00000000fbc00000)
 ParOldGen       total 172032K, used 62309K [0x00000000c0000000, 0x00000000ca800000, 0x00000000eab00000)
  object space 172032K, 36% used [0x00000000c0000000,0x00000000c3cd94b8,0x00000000ca800000)
 Metaspace       used 13304K, capacity 13920K, committed 14080K, reserved 1060864K
  class space    used 2033K, capacity 2177K, committed 2304K, reserved 1048576K
Event: 2.801 GC heap after
Heap after GC invocations=18 (full 7):
 PSYoungGen      total 268800K, used 0K [0x00000000eab00000, 0x00000000fbc00000, 0x0000000100000000)
  eden space 258048K, 0% used [0x00000000eab00000,0x00000000eab00000,0x00000000fa700000)
  from space 10752K, 0% used [0x00000000fa700000,0x00000000fa700000,0x00000000fb180000)
  to   space 10752K, 0% used [0x00000000fb180000,0x00000000fb180000,0x00000000fbc00000)
 ParOldGen       total 172032K, used 68223K [0x00000000c0000000, 0x00000000ca800000, 0x00000000eab00000)
  object space 172032K, 39% used [0x00000000c0000000,0x00000000c429ffe0,0x00000000ca800000)
 Metaspace       used 13304K, capacity 13920K, committed 14080K, reserved 1060864K
  class space    used 2033K, capacity 2177K, committed 2304K, reserved 1048576K
}
Event: 2.863 GC heap before
{Heap before GC invocations=19 (full 7):
 PSYoungGen      total 268800K, used 95635K [0x00000000eab00000, 0x00000000fbc00000, 0x0000000100000000)
  eden space 258048K, 37% used [0x00000000eab00000,0x00000000f0864ec0,0x00000000fa700000)
  from space 10752K, 0% used [0x00000000fa700000,0x00000000fa700000,0x00000000fb180000)
  to   space 10752K, 0% used [0x00000000fb180000,0x00000000fb180000,0x00000000fbc00000)
 ParOldGen       total 172032K, used 68223K [0x00000000c0000000, 0x00000000ca800000, 0x00000000eab00000)
  object space 172032K, 39% used [0x00000000c0000000,0x00000000c429ffe0,0x00000000ca800000)
 Metaspace       used 13476K, capacity 14092K, committed 14336K, reserved 1060864K
  class space    used 2049K, capacity 2211K, committed 2304K, reserved 1048576K
Event: 2.866 GC heap after
Heap after GC invocations=19 (full 7):
 PSYoungGen      total 268800K, used 10251K [0x00000000eab00000, 0x00000000fbc00000, 0x0000000100000000)
  eden space 258048K, 0% used [0x00000000eab00000,0x00000000eab00000,0x00000000fa700000)
  from space 10752K, 95% used [0x00000000fb180000,0x00000000fbb82cc0,0x00000000fbc00000)
  to   space 10752K, 0% used [0x00000000fa700000,0x00000000fa700000,0x00000000fb180000)
 ParOldGen       total 172032K, used 68223K [0x00000000c0000000, 0x00000000ca800000, 0x00000000eab00000)
  object space 172032K, 39% used [0x00000000c0000000,0x00000000c429ffe0,0x00000000ca800000)
 Metaspace       used 13476K, capacity 14092K, committed 14336K, reserved 1060864K
  class space    used 2049K, capacity 2211K, committed 2304K, reserved 1048576K
}
Event: 2.866 GC heap before
{Heap before GC invocations=20 (full 8):
 PSYoungGen      total 268800K, used 10251K [0x00000000eab00000, 0x00000000fbc00000, 0x0000000100000000)
  eden space 258048K, 0% used [0x00000000eab00000,0x00000000eab00000,0x00000000fa700000)
  from space 10752K, 95% used [0x00000000fb180000,0x00000000fbb82cc0,0x00000000fbc00000)
  to   space 10752K, 0% used [0x00000000fa700000,0x00000000fa700000,0x00000000fb180000)
 ParOldGen       total 172032K, used 68223K [0x00000000c0000000, 0x00000000ca800000, 0x00000000eab00000)
  object space 172032K, 39% used [0x00000000c0000000,0x00000000c429ffe0,0x00000000ca800000)
 Metaspace       used 13476K, capacity 14092K, committed 14336K, reserved 1060864K
  class space    used 2049K, capacity 2211K, committed 2304K, reserved 1048576K
Event: 2.996 GC heap after
Heap after GC invocations=20 (full 8):
 PSYoungGen      total 268800K, used 0K [0x00000000eab00000, 0x00000000fbc00000, 0x0000000100000000)
  eden space 258048K, 0% used [0x00000000eab00000,0x00000000eab00000,0x00000000fa700000)
  from space 10752K, 0% used [0x00000000fb180000,0x00000000fb180000,0x00000000fbc00000)
  to   space 10752K, 0% used [0x00000000fa700000,0x00000000fa700000,0x00000000fb180000)
 ParOldGen       total 172032K, used 72532K [0x00000000c0000000, 0x00000000ca800000, 0x00000000eab00000)
  object space 172032K, 42% used [0x00000000c0000000,0x00000000c46d50f0,0x00000000ca800000)
 Metaspace       used 13476K, capacity 14092K, committed 14336K, reserved 1060864K
  class space    used 2049K, capacity 2211K, committed 2304K, reserved 1048576K
}
Event: 3.062 GC heap before
{Heap before GC invocations=21 (full 8):
 PSYoungGen      total 268800K, used 6994K [0x00000000eab00000, 0x00000000fbc00000, 0x0000000100000000)
  eden space 258048K, 2% used [0x00000000eab00000,0x00000000eb1d49e0,0x00000000fa700000)
  from space 10752K, 0% used [0x00000000fb180000,0x00000000fb180000,0x00000000fbc00000)
  to   space 10752K, 0% used [0x00000000fa700000,0x00000000fa700000,0x00000000fb180000)
 ParOldGen       total 172032K, used 72532K [0x00000000c0000000, 0x00000000ca800000, 0x00000000eab00000)
  object space 172032K, 42% used [0x00000000c0000000,0x00000000c46d50f0,0x00000000ca800000)
 Metaspace       used 13502K, capacity 14110K, committed 14336K, reserved 1060864K
  class space    used 2051K, capacity 2214K, committed 2304K, reserved 1048576K
Event: 3.063 GC heap after
Heap after GC invocations=21 (full 8):
 PSYoungGen      total 268800K, used 224K [0x00000000eab00000, 0x00000000fbc00000, 0x0000000100000000)
  eden space 258048K, 0% used [0x00000000eab00000,0x00000000eab00000,0x00000000fa700000)
  from space 10752K, 2% used [0x00000000fa700000,0x00000000fa738000,0x00000000fb180000)
  to   space 10752K, 0% used [0x00000000fb180000,0x00000000fb180000,0x00000000fbc00000)
 ParOldGen       total 172032K, used 72540K [0x00000000c0000000, 0x00000000ca800000, 0x00000000eab00000)
  object space 172032K, 42% used [0x00000000c0000000,0x00000000c46d70f0,0x00000000ca800000)
 Metaspace       used 13502K, capacity 14110K, committed 14336K, reserved 1060864K
  class space    used 2051K, capacity 2214K, committed 2304K, reserved 1048576K
}
Event: 3.063 GC heap before
{Heap before GC invocations=22 (full 9):
 PSYoungGen      total 268800K, used 224K [0x00000000eab00000, 0x00000000fbc00000, 0x0000000100000000)
  eden space 258048K, 0% used [0x00000000eab00000,0x00000000eab00000,0x00000000fa700000)
  from space 10752K, 2% used [0x00000000fa700000,0x00000000fa738000,0x00000000fb180000)
  to   space 10752K, 0% used [0x00000000fb180000,0x00000000fb180000,0x00000000fbc00000)
 ParOldGen       total 172032K, used 72540K [0x00000000c0000000, 0x00000000ca800000, 0x00000000eab00000)
  object space 172032K, 42% used [0x00000000c0000000,0x00000000c46d70f0,0x00000000ca800000)
 Metaspace       used 13502K, capacity 14110K, committed 14336K, reserved 1060864K
  class space    used 2051K, capacity 2214K, committed 2304K, reserved 1048576K
Event: 3.147 GC heap after
Heap after GC invocations=22 (full 9):
 PSYoungGen      total 268800K, used 0K [0x00000000eab00000, 0x00000000fbc00000, 0x0000000100000000)
  eden space 258048K, 0% used [0x00000000eab00000,0x00000000eab00000,0x00000000fa700000)
  from space 10752K, 0% used [0x00000000fa700000,0x00000000fa700000,0x00000000fb180000)
  to   space 10752K, 0% used [0x00000000fb180000,0x00000000fb180000,0x00000000fbc00000)
 ParOldGen       total 172032K, used 72363K [0x00000000c0000000, 0x00000000ca800000, 0x00000000eab00000)
  object space 172032K, 42% used [0x00000000c0000000,0x00000000c46aac18,0x00000000ca800000)
 Metaspace       used 13502K, capacity 14110K, committed 14336K, reserved 1060864K
  class space    used 2051K, capacity 2214K, committed 2304K, reserved 1048576K
}

